<?xml version="1.0" encoding="UTF-8"?>
<!-- Generated by org.testng.reporters.JUnitReportReporter -->
<testsuite hostname="AcerAspire3" failures="0" tests="1" name="testcases.RunCreateLead" time="11.688" errors="0" timestamp="2024-02-14T10:25:28 IST" skipped="0">
  <testcase classname="testcases.RunCreateLead" name="runTestCases" time="11.688"/>
  <system-out/>
</testsuite> <!-- testcases.RunCreateLead -->
