<?xml version="1.0" encoding="UTF-8"?>
<!-- Generated by org.testng.reporters.JUnitReportReporter -->
<testsuite hostname="AcerAspire3" failures="0" tests="1" name="testcases.RunLogin" time="9.309" errors="0" timestamp="2024-02-21T23:10:56 IST" skipped="0">
  <testcase classname="testcases.RunLogin" name="login" time="9.309"/>
  <system-out/>
</testsuite> <!-- testcases.RunLogin -->
