<?xml version="1.0" encoding="UTF-8"?>
<!-- Generated by org.testng.reporters.JUnitReportReporter -->
<testsuite hostname="AcerAspire3" failures="0" tests="2" name="testcases.CucumberRunner" time="103.999" errors="0" timestamp="2024-02-21T23:26:28 IST" skipped="0">
  <testcase classname="testcases.CucumberRunner" name="runScenario" time="50.535"/>
  <system-out/>
  <testcase classname="testcases.CucumberRunner" name="runScenario" time="53.464"/>
  <system-out/>
</testsuite> <!-- testcases.CucumberRunner -->
