<?xml version="1.0" encoding="UTF-8"?>
<!-- Generated by org.testng.reporters.JUnitReportReporter -->
<testsuite hostname="AcerAspire3" failures="0" tests="2" name="testcases.RunCreateLead" time="43.976" errors="0" timestamp="2024-02-21T23:18:46 IST" skipped="0">
  <testcase classname="testcases.RunCreateLead" name="runTestCases" time="22.582"/>
  <system-out/>
  <testcase classname="testcases.RunCreateLead" name="runTestCases" time="21.394"/>
  <system-out/>
</testsuite> <!-- testcases.RunCreateLead -->
