<?xml version="1.0" encoding="UTF-8"?>
<!-- Generated by org.testng.reporters.JUnitReportReporter -->
<testsuite hostname="AcerAspire3" failures="0" tests="1" name="testcases.RunLogin" time="8.654" errors="0" timestamp="2024-02-20T21:19:46 IST" skipped="0">
  <testcase classname="testcases.RunLogin" name="login" time="8.654"/>
  <system-out/>
</testsuite> <!-- testcases.RunLogin -->
