<?xml version="1.0" encoding="UTF-8"?>
<!-- Generated by org.testng.reporters.JUnitReportReporter -->
<testsuite hostname="AcerAspire3" failures="0" tests="2" name="testcases.CucumberRunner" time="36.729" errors="0" timestamp="2024-02-20T21:14:44 IST" skipped="0">
  <testcase classname="testcases.CucumberRunner" name="runScenario" time="17.235"/>
  <system-out/>
  <testcase classname="testcases.CucumberRunner" name="runScenario" time="19.494"/>
  <system-out/>
</testsuite> <!-- testcases.CucumberRunner -->
