<?xml version="1.0" encoding="UTF-8"?>
<!-- Generated by org.testng.reporters.JUnitReportReporter -->
<testsuite hostname="AcerAspire3" failures="0" tests="2" name="testcases.RunLogin" time="27.711" errors="0" timestamp="2024-02-18T10:38:57 IST" skipped="0">
  <testcase classname="testcases.RunLogin" name="login" time="17.337"/>
  <system-out/>
  <testcase classname="testcases.RunLogin" name="login" time="10.374"/>
  <system-out/>
</testsuite> <!-- testcases.RunLogin -->
