<?xml version="1.0" encoding="UTF-8"?>
<!-- Generated by org.testng.reporters.JUnitReportReporter -->
<testsuite hostname="AcerAspire3" failures="0" tests="2" name="testcases.RunCreateLead" time="71.214" errors="0" timestamp="2024-02-18T10:50:50 IST" skipped="0">
  <testcase classname="testcases.RunCreateLead" name="runTestCases" time="36.460"/>
  <system-out/>
  <testcase classname="testcases.RunCreateLead" name="runTestCases" time="34.754"/>
  <system-out/>
</testsuite> <!-- testcases.RunCreateLead -->
