<?xml version="1.0" encoding="UTF-8"?>
<!-- Generated by org.testng.reporters.JUnitReportReporter -->
<testsuite hostname="AcerAspire3" failures="0" tests="1" name="testcases.RunCreateLead" time="40.312" errors="0" timestamp="2024-02-18T14:17:01 IST" skipped="0">
  <testcase classname="testcases.RunCreateLead" name="runTestCases" time="40.312"/>
  <system-out/>
</testsuite> <!-- testcases.RunCreateLead -->
