<?xml version="1.0" encoding="UTF-8"?>
<!-- Generated by org.testng.reporters.JUnitReportReporter -->
<testsuite hostname="AcerAspire3" failures="0" tests="1" name="testcases.RunLogin" time="9.029" errors="0" timestamp="2024-02-14T10:25:28 IST" skipped="0">
  <testcase classname="testcases.RunLogin" name="login" time="9.029"/>
  <system-out/>
</testsuite> <!-- testcases.RunLogin -->
