<?xml version="1.0" encoding="UTF-8"?>
<!-- Generated by org.testng.reporters.JUnitReportReporter -->
<testsuite hostname="AcerAspire3" failures="0" tests="1" name="runner.CucumberRunner" time="309.303" errors="0" timestamp="2024-02-26T11:55:54 IST" skipped="0">
  <testcase classname="runner.CucumberRunner" name="runScenario" time="309.303"/>
  <system-out/>
</testsuite> <!-- runner.CucumberRunner -->
